{
  "RSpec": {
    "coverage": {
      "/Users/lukejames-erickson/turing/mod_2/projects/adopt_dont_shop_paired/config/environment.rb": {
        "lines": [
          null,
          1,
          null,
          null,
          1
        ]
      },
      "/Users/lukejames-erickson/turing/mod_2/projects/adopt_dont_shop_paired/config/application.rb": {
        "lines": [
          1,
          null,
          1,
          null,
          1,
          1,
          1,
          1,
          1,
          1,
          1,
          1,
          1,
          null,
          null,
          null,
          null,
          1,
          null,
          1,
          1,
          null,
          1,
          null,
          null,
          null,
          null,
          null,
          null,
          null,
          1,
          null,
          null
        ]
      },
      "/Users/lukejames-erickson/turing/mod_2/projects/adopt_dont_shop_paired/config/boot.rb": {
        "lines": [
          1,
          null,
          1,
          1
        ]
      },
      "/Users/lukejames-erickson/turing/mod_2/projects/adopt_dont_shop_paired/config/environments/test.rb": {
        "lines": [
          1,
          null,
          null,
          null,
          null,
          null,
          null,
          1,
          null,
          null,
          null,
          null,
          1,
          null,
          null,
          1,
          1,
          null,
          null,
          null,
          null,
          1,
          1,
          null,
          null,
          1,
          null,
          null,
          1,
          null,
          null,
          1,
          null,
          1,
          null,
          null,
          null,
          null,
          1,
          null,
          null,
          1,
          null,
          null,
          null,
          null
        ]
      },
      "/Users/lukejames-erickson/turing/mod_2/projects/adopt_dont_shop_paired/config/initializers/application_controller_renderer.rb": {
        "lines": [
          null,
          null,
          null,
          null,
          null,
          null,
          null,
          null
        ]
      },
      "/Users/lukejames-erickson/turing/mod_2/projects/adopt_dont_shop_paired/config/initializers/assets.rb": {
        "lines": [
          null,
          null,
          null,
          1,
          null,
          null,
          null,
          null,
          1,
          null,
          null,
          null,
          null,
          null
        ]
      },
      "/Users/lukejames-erickson/turing/mod_2/projects/adopt_dont_shop_paired/config/initializers/backtrace_silencers.rb": {
        "lines": [
          null,
          null,
          null,
          null,
          null,
          null,
          null
        ]
      },
      "/Users/lukejames-erickson/turing/mod_2/projects/adopt_dont_shop_paired/config/initializers/content_security_policy.rb": {
        "lines": [
          null,
          null,
          null,
          null,
          null,
          null,
          null,
          null,
          null,
          null,
          null,
          null,
          null,
          null,
          null,
          null,
          null,
          null,
          null,
          null,
          null,
          null,
          null,
          null,
          null
        ]
      },
      "/Users/lukejames-erickson/turing/mod_2/projects/adopt_dont_shop_paired/config/initializers/cookies_serializer.rb": {
        "lines": [
          null,
          null,
          null,
          null,
          1
        ]
      },
      "/Users/lukejames-erickson/turing/mod_2/projects/adopt_dont_shop_paired/config/initializers/filter_parameter_logging.rb": {
        "lines": [
          null,
          null,
          null,
          1
        ]
      },
      "/Users/lukejames-erickson/turing/mod_2/projects/adopt_dont_shop_paired/config/initializers/inflections.rb": {
        "lines": [
          null,
          null,
          null,
          null,
          null,
          null,
          null,
          null,
          null,
          null,
          null,
          null,
          null,
          null,
          null,
          null
        ]
      },
      "/Users/lukejames-erickson/turing/mod_2/projects/adopt_dont_shop_paired/config/initializers/mime_types.rb": {
        "lines": [
          null,
          null,
          null,
          null
        ]
      },
      "/Users/lukejames-erickson/turing/mod_2/projects/adopt_dont_shop_paired/config/initializers/wrap_parameters.rb": {
        "lines": [
          null,
          null,
          null,
          null,
          null,
          null,
          1,
          2,
          null,
          null,
          null,
          null,
          null,
          null
        ]
      },
      "/Users/lukejames-erickson/turing/mod_2/projects/adopt_dont_shop_paired/config/routes.rb": {
        "lines": [
          1,
          null,
          1,
          1,
          1,
          1,
          1,
          1,
          1,
          1,
          null,
          1,
          null,
          1,
          1,
          1,
          1,
          1,
          1,
          1,
          1,
          null,
          1,
          1,
          1,
          1,
          1,
          1,
          1,
          1,
          1,
          null,
          1,
          1,
          1,
          1,
          null,
          1,
          null,
          null
        ]
      },
      "/Users/lukejames-erickson/turing/mod_2/projects/adopt_dont_shop_paired/app/helpers/application_helper.rb": {
        "lines": [
          1,
          null
        ]
      },
      "/Users/lukejames-erickson/turing/mod_2/projects/adopt_dont_shop_paired/app/models/shelter.rb": {
        "lines": [
          1,
          1,
          1,
          null
        ]
      },
      "/Users/lukejames-erickson/turing/mod_2/projects/adopt_dont_shop_paired/app/models/application_record.rb": {
        "lines": [
          1,
          1,
          null
        ]
      },
      "/Users/lukejames-erickson/turing/mod_2/projects/adopt_dont_shop_paired/app/models/pet.rb": {
        "lines": [
          1,
          1,
          null
        ]
      },
      "/Users/lukejames-erickson/turing/mod_2/projects/adopt_dont_shop_paired/app/controllers/pets_controller.rb": {
        "lines": [
          1,
          1,
          0,
          null,
          null,
          1,
          8,
          null,
          null,
          1,
          null,
          null,
          1,
          0,
          null,
          null,
          1,
          0,
          0,
          0,
          null,
          null,
          null,
          1,
          null,
          1,
          0,
          null,
          null,
          null,
          null,
          null,
          null
        ]
      },
      "/Users/lukejames-erickson/turing/mod_2/projects/adopt_dont_shop_paired/app/controllers/application_controller.rb": {
        "lines": [
          1,
          1,
          1,
          1,
          null,
          1,
          28,
          null,
          null
        ]
      },
      "/Users/lukejames-erickson/turing/mod_2/projects/adopt_dont_shop_paired/app/poros/favorite.rb": {
        "lines": [
          1,
          1,
          null,
          1,
          16,
          12,
          null,
          4,
          null,
          null,
          null,
          1,
          12,
          null,
          null,
          1,
          4,
          4,
          null,
          null
        ]
      },
      "/Users/lukejames-erickson/turing/mod_2/projects/adopt_dont_shop_paired/app/controllers/favorites_controller.rb": {
        "lines": [
          1,
          1,
          1,
          null,
          1,
          2,
          2,
          null,
          null,
          1,
          null,
          4,
          4,
          0,
          0,
          0,
          null,
          4,
          4,
          4,
          4,
          null,
          null,
          null,
          1,
          0,
          0,
          0,
          0,
          null,
          null,
          1,
          0,
          0,
          null,
          null,
          null
        ]
      },
      "/Users/lukejames-erickson/turing/mod_2/projects/adopt_dont_shop_paired/app/controllers/adoption_apps_controller.rb": {
        "lines": [
          1,
          null,
          1,
          0,
          null,
          null,
          1,
          2,
          null,
          null,
          null,
          null
        ]
      }
    },
    "timestamp": 1599001118
  }
}
